#-----------------------------------------------------------
# Vivado v2018.2 (64-bit)
# SW Build 2258646 on Thu Jun 14 20:03:12 MDT 2018
# IP Build 2256618 on Thu Jun 14 22:10:49 MDT 2018
# Start of session at: Mon Jul 25 22:22:14 2022
# Process ID: 24344
# Current directory: C:/Users/Amila Kasun/Desktop/Edu/UOM/Academic/Sem 2/Computer Organization and Digital Design/Project/Nanoprocessor Design Project Files/2. RCA_3
# Command line: vivado.exe -gui_launcher_event rodinguilauncherevent20728 C:\Users\Amila Kasun\Desktop\Edu\UOM\Academic\Sem 2\Computer Organization and Digital Design\Project\Nanoprocessor Design Project Files\2. RCA_3\RCA_3.xpr
# Log file: C:/Users/Amila Kasun/Desktop/Edu/UOM/Academic/Sem 2/Computer Organization and Digital Design/Project/Nanoprocessor Design Project Files/2. RCA_3/vivado.log
# Journal file: C:/Users/Amila Kasun/Desktop/Edu/UOM/Academic/Sem 2/Computer Organization and Digital Design/Project/Nanoprocessor Design Project Files/2. RCA_3\vivado.jou
#-----------------------------------------------------------
start_gui
open_project {C:/Users/Amila Kasun/Desktop/Edu/UOM/Academic/Sem 2/Computer Organization and Digital Design/Project/Nanoprocessor Design Project Files/2. RCA_3/RCA_3.xpr}
INFO: [ProjectBase 1-489] The host OS only allows 260 characters in a normal path. The project is stored in a path with more than 80 characters. If you experience issues with IP, Block Designs, or files not being found, please consider moving the project to a location with a shorter path. Alternately consider using the OS subst command to map part of the path to a drive letter.
Current project path is 'C:/Users/Amila Kasun/Desktop/Edu/UOM/Academic/Sem 2/Computer Organization and Digital Design/Project/Nanoprocessor Design Project Files/2. RCA_3'
INFO: [Project 1-313] Project file moved from 'E:/01. Engineering UOM/2. Second Semester/3. CS1050 - Computer Organization and Digital Design/2. Labs/RCA_3' since last save.
CRITICAL WARNING: [Project 1-311] Could not find the file 'C:/Users/Amila Kasun/Desktop/Edu/UOM/Academic/Sem 2/Computer Organization and Digital Design/Project/Nanoprocessor Design Project Files/IPs/RCA_3/component.xml', nor could it be found using path 'E:/01. Engineering UOM/2. Second Semester/3. CS1050 - Computer Organization and Digital Design/2. Labs/IPs/RCA_3/component.xml'.
Scanning sources...
Finished scanning sources
WARNING: [filemgmt 56-2] IP Repository Path: Could not find the directory 'C:/Users/Amila Kasun/Desktop/Edu/UOM/Academic/Sem 2/Computer Organization and Digital Design/Project/Nanoprocessor Design Project Files/IPs/RCA_3', nor could it be found using path 'E:/01. Engineering UOM/2. Second Semester/3. CS1050 - Computer Organization and Digital Design/2. Labs/IPs/RCA_3'.
INFO: [IP_Flow 19-234] Refreshing IP repositories
WARNING: [IP_Flow 19-2248] Failed to load user IP repository 'c:/Users/Amila Kasun/Desktop/Edu/UOM/Academic/Sem 2/Computer Organization and Digital Design/Project/Nanoprocessor Design Project Files/IPs/RCA_3'; Can't find the specified path.
If this directory should no longer be in your list of user repositories, go to the IP Settings dialog and remove it.
INFO: [IP_Flow 19-2313] Loaded Vivado IP repository 'C:/Xilinx/Vivado/2018.2/data/ip'.
update_compile_order -fileset sources_1
exit
INFO: [Common 17-206] Exiting Vivado at Mon Jul 25 22:29:26 2022...
